<?xml version="1.0" encoding="UTF-8"?>
<!-- Generated by org.testng.reporters.JUnitReportReporter -->
<testsuite hostname="DESKTOP-54PS5CM" failures="0" tests="5" name="tests.LoginTest" time="5.482" errors="0" timestamp="2023-01-28T11:41:41 MST" skipped="0">
  <testcase classname="tests.LoginTest" name="loginTestFailedMethod" time="0.888"/>
  <system-out/>
  <testcase classname="tests.LoginTest" name="loginTestFailedMethod" time="0.849"/>
  <system-out/>
  <testcase classname="tests.LoginTest" name="loginTestFailedMethod" time="0.681"/>
  <system-out/>
  <testcase classname="tests.LoginTest" name="loginMethod" time="1.135"/>
  <system-out/>
  <testcase classname="tests.LoginTest" name="addToCartMethod" time="1.929"/>
  <system-out/>
</testsuite> <!-- tests.LoginTest -->
