<?xml version="1.0" encoding="UTF-8"?>
<!-- Generated by org.testng.reporters.JUnitReportReporter -->
<testsuite hostname="DESKTOP-54PS5CM" failures="0" tests="4" name="tests.LoginTest" time="4.208" errors="0" timestamp="2023-01-24T11:03:48 MST" skipped="0">
  <testcase classname="tests.LoginTest" name="loginTestFailedMethod" time="0.942"/>
  <system-out/>
  <testcase classname="tests.LoginTest" name="loginTestFailedMethod" time="0.884"/>
  <system-out/>
  <testcase classname="tests.LoginTest" name="loginTestFailedMethod" time="0.982"/>
  <system-out/>
  <testcase classname="tests.LoginTest" name="loginMethod" time="1.400"/>
  <system-out/>
</testsuite> <!-- tests.LoginTest -->
